bin_num_max = 1000
fname_ini = ../recipes/model_choice.ini
fname_output_mergers = output_mergers.dat
fname_snapshots_bh = output_bh_[single|binary]_$(index).dat
save_snapshots = True
verbose = False
work_directory = /Users/sray/Documents/Saavik_Barry/test_mcfacts/runs
seed = 3456789108
fname_log = out.log
smbh_mass = 100000000.0
disk_model_name = sirko_goodman
flag_use_pagn = True
disk_radius_trap = 700.0
disk_alpha_viscosity = 0.01
inner_disk_outer_radius = 50.0
disk_inner_stable_circ_orb = 6.0
nsc_radius_outer = 5.0
nsc_mass = 30000000.0
nsc_radius_crit = 0.25
nsc_ratio_bh_num_star_num = 0.001
nsc_ratio_bh_mass_star_mass = 10.0
nsc_density_index_inner = 1.75
nsc_density_index_outer = 2.5
disk_aspect_ratio_avg = 0.03
nsc_spheroid_normalization = 1.0
nsc_imf_bh_mode = 10.0
nsc_imf_bh_powerlaw_index = 2.0
nsc_imf_bh_mass_max = 40.0
nsc_bh_spin_dist_mu = 0.0
nsc_bh_spin_dist_sigma = 0.1
disk_bh_torque_condition = 0.1
disk_bh_eddington_ratio = 1.0
disk_bh_orb_ecc_max_init = 0.3
mass_pile_up = 35.0
flag_add_stars = True
disk_star_mass_min_init = 5.0
disk_star_mass_max_init = 40.0
nsc_imf_star_powerlaw_index = 2.35
nsc_imf_star_mass_mode = 2.0
nsc_star_spin_dist_mu = 100.0
nsc_star_spin_dist_sigma = 20.0
disk_star_torque_condition = 0.1
disk_star_eddington_ratio = 1.0
disk_star_orb_ecc_max_init = 0.3
nsc_star_metallicity_x_init = 0.7274
nsc_star_metallicity_y_init = 0.2638
nsc_star_metallicity_z_init = 0.0088
timestep_duration_yr = 10000.0
timestep_num = 100
galaxy_num = 100
fraction_retro = 0.5
fraction_bin_retro = 0.0
flag_thermal_feedback = 1
flag_orb_ecc_damping = 1
capture_time_yr = 100000.0
disk_radius_capture_outer = 1000.0
disk_bh_pro_orb_ecc_crit = 0.01
flag_dynamic_enc = 1
delta_energy_strong = 0.1
disk_radius_outer = 50000.0
disk_radius_max_pc = 0.0
runtime_directory = /Users/sray/Documents/Saavik_Barry/test_mcfacts/scripts
